<?xml version="1.0" encoding="UTF-8"?>
<robot generator="Robot 6.1.1 (Python 3.11.7 on darwin)" generated="20231209 18:48:58.414" rpa="false" schemaversion="4">
<suite id="s1" name="Login-Test" source="/Users/fatkhurozaqbudi/Documents/github/poc-robot-framework/Tests/login-test.robot">
<test id="s1-t1" name="As User I am able to Login and Logout properly" line="9">
<kw name="When Launch Mobile Application" library="environment-variable">
<msg timestamp="20231209 18:48:58.735" level="TRACE">Arguments: [  ]</msg>
<kw name="Open Application" library="AppiumLibrary">
<arg>${APPIUM_SERVER_URL}</arg>
<arg>platformName=${PLATFORM_NAME}</arg>
<arg>deviceName=${DEVICE_NAME}</arg>
<arg>app=${APP_DIR}</arg>
<arg>appApckage=${APP_PACKAGE}</arg>
<arg>appActivity=${APP_ACTIVITY}</arg>
<arg>automationName=${AUTOMATION_NAME}</arg>
<arg>newCommandTimeout=60</arg>
<doc>Opens a new application to given Appium server.
Capabilities of appium server, Android and iOS,
Please check https://github.com/appium/appium/blob/master/docs/en/writing-running-appium/server-args.md
| *Option*            | *Man.* | *Description*     |
| remote_url          | Yes    | Appium server url |
| alias               | no     | alias             |
| strict_ssl          | No     | allows you to send commands to an invalid certificate host like a self-signed one. |</doc>
<msg timestamp="20231209 18:48:58.735" level="TRACE">Arguments: [ 'http://127.0.0.1:4723' | platformName='Android' | deviceName='emulator-5554' | app='/Users/fatkhurozaqbudi/Documents/github/poc-robot-framework/Resources/settings/../../Resources/apps/AppDemo.apk' | appApckage='com.swaglabsmobileapp' | appActivity='com.swaglabsmobileapp.MainActivity' | automationName='UiAutomator2' | newCommandTimeout='60' ]</msg>
<msg timestamp="20231209 18:48:58.736" level="DEBUG">POST http://127.0.0.1:4723/session {"capabilities": {"firstMatch": [{}], "alwaysMatch": {"platformName": "Android", "appium:deviceName": "emulator-5554", "appium:app": "/Users/fatkhurozaqbudi/Documents/github/poc-robot-framework/Resources/settings/../../Resources/apps/AppDemo.apk", "appium:appApckage": "com.swaglabsmobileapp", "appium:appActivity": "com.swaglabsmobileapp.MainActivity", "appium:automationName": "UiAutomator2", "appium:newCommandTimeout": "60"}}}</msg>
<msg timestamp="20231209 18:48:58.736" level="DEBUG">Starting new HTTP connection (1): 127.0.0.1:4723</msg>
<msg timestamp="20231209 18:49:12.857" level="DEBUG">http://127.0.0.1:4723 "POST /session HTTP/1.1" 200 0</msg>
<msg timestamp="20231209 18:49:12.857" level="DEBUG">Remote response: status=200 | data={"value":{"capabilities":{"platformName":"Android","deviceName":"emulator-5554","app":"/Users/fatkhurozaqbudi/Documents/github/poc-robot-framework/Resources/settings/../../Resources/apps/AppDemo.apk","appApckage":"com.swaglabsmobileapp","appActivity":"com.swaglabsmobileapp.MainActivity","automationName":"UiAutomator2","newCommandTimeout":60,"platform":"LINUX","webStorageEnabled":false,"takesScreenshot":true,"javascriptEnabled":true,"databaseEnabled":false,"networkConnectionEnabled":true,"locationContextEnabled":false,"warnings":{},"desired":{"platformName":"Android","deviceName":"emulator-5554","app":"/Users/fatkhurozaqbudi/Documents/github/poc-robot-framework/Resources/settings/../../Resources/apps/AppDemo.apk","appApckage":"com.swaglabsmobileapp","appActivity":"com.swaglabsmobileapp.MainActivity","automationName":"UiAutomator2","newCommandTimeout":60},"deviceUDID":"emulator-5554","appPackage":"com.swaglabsmobileapp","pixelRatio":"2.75","statBarHeight":66,"viewportRect":{"left":0,"top":66,"width":1080,"height":2088},"deviceApiLevel":34,"platformVersion":"14","deviceManufacturer":"Google","deviceModel":"sdk_gphone64_x86_64","deviceScreenSize":"1080x2220","deviceScreenDensity":440},"sessionId":"db5830c5-b033-4afc-88c8-022ef344cd31"}} | headers=HTTPHeaderDict({'X-Powered-By': 'Express', 'Vary': 'X-HTTP-Method-Override', 'Content-Type': 'application/json; charset=utf-8', 'Content-Length': '1252', 'ETag': 'W/"4e4-oaFJdwarh1vd3hlbui4oOUs79/s"', 'Date': 'Sat, 09 Dec 2023 11:49:12 GMT', 'Connection': 'keep-alive', 'Keep-Alive': 'timeout=600'})</msg>
<msg timestamp="20231209 18:49:12.857" level="DEBUG">Finished Request</msg>
<msg timestamp="20231209 18:49:12.859" level="DEBUG">Opened application with session id db5830c5-b033-4afc-88c8-022ef344cd31</msg>
<msg timestamp="20231209 18:49:12.859" level="TRACE">Return: 1</msg>
<status status="PASS" starttime="20231209 18:48:58.735" endtime="20231209 18:49:12.859"/>
</kw>
<msg timestamp="20231209 18:49:12.859" level="TRACE">Return: None</msg>
<status status="PASS" starttime="20231209 18:48:58.734" endtime="20231209 18:49:12.860"/>
</kw>
<kw name="And Sign in" library="login-page">
<arg>${USERNAME}</arg>
<arg>${PASSWORD}</arg>
<msg timestamp="20231209 18:49:12.860" level="TRACE">Arguments: [ ${USERNAME}='standard_user' | ${USER_PASSWORD}='secret_sauce' ]</msg>
<kw name="Input Text" library="AppiumLibrary">
<arg>${EMAIL_FIELD}</arg>
<arg>${USERNAME}</arg>
<doc>Types the given `text` into text field identified by `locator`.</doc>
<msg timestamp="20231209 18:49:12.861" level="TRACE">Arguments: [ 'xpath=//android.widget.EditText[@content-desc="test-Username"]' | 'standard_user' ]</msg>
<msg timestamp="20231209 18:49:12.862" level="INFO">Typing text 'standard_user' into text field 'xpath=//android.widget.EditText[@content-desc="test-Username"]'</msg>
<msg timestamp="20231209 18:49:12.863" level="DEBUG">POST http://127.0.0.1:4723/session/db5830c5-b033-4afc-88c8-022ef344cd31/elements {"using": "xpath", "value": "//android.widget.EditText[@content-desc=\"test-Username\"]"}</msg>
<msg timestamp="20231209 18:49:14.844" level="DEBUG">http://127.0.0.1:4723 "POST /session/db5830c5-b033-4afc-88c8-022ef344cd31/elements HTTP/1.1" 200 0</msg>
<msg timestamp="20231209 18:49:14.844" level="DEBUG">Remote response: status=200 | data={"value":[{"element-6066-11e4-a52e-4f735466cecf":"00000000-0000-0167-ffff-ffff0000002b","ELEMENT":"00000000-0000-0167-ffff-ffff0000002b"}]} | headers=HTTPHeaderDict({'X-Powered-By': 'Express', 'Vary': 'X-HTTP-Method-Override', 'Content-Type': 'application/json; charset=utf-8', 'Content-Length': '139', 'ETag': 'W/"8b-hT0hlzqZxgcz60jOsHZLF0tCpGA"', 'Date': 'Sat, 09 Dec 2023 11:49:14 GMT', 'Connection': 'keep-alive', 'Keep-Alive': 'timeout=600'})</msg>
<msg timestamp="20231209 18:49:14.844" level="DEBUG">Finished Request</msg>
<msg timestamp="20231209 18:49:14.845" level="DEBUG">POST http://127.0.0.1:4723/session/db5830c5-b033-4afc-88c8-022ef344cd31/element/00000000-0000-0167-ffff-ffff0000002b/value {"text": "standard_user", "value": ["s", "t", "a", "n", "d", "a", "r", "d", "_", "u", "s", "e", "r"]}</msg>
<msg timestamp="20231209 18:49:14.877" level="DEBUG">http://127.0.0.1:4723 "POST /session/db5830c5-b033-4afc-88c8-022ef344cd31/element/00000000-0000-0167-ffff-ffff0000002b/value HTTP/1.1" 200 0</msg>
<msg timestamp="20231209 18:49:14.877" level="DEBUG">Remote response: status=200 | data={"value":null} | headers=HTTPHeaderDict({'X-Powered-By': 'Express', 'Vary': 'X-HTTP-Method-Override', 'Content-Type': 'application/json; charset=utf-8', 'Content-Length': '14', 'ETag': 'W/"e-9/1BuKMgFObM1mWJm+YjxtXJnUM"', 'Date': 'Sat, 09 Dec 2023 11:49:14 GMT', 'Connection': 'keep-alive', 'Keep-Alive': 'timeout=600'})</msg>
<msg timestamp="20231209 18:49:14.877" level="DEBUG">Finished Request</msg>
<msg timestamp="20231209 18:49:14.878" level="INFO">xpath criteria: //android.widget.EditText[@content-desc="test-Username"]</msg>
<msg timestamp="20231209 18:49:14.878" level="TRACE">Return: None</msg>
<status status="PASS" starttime="20231209 18:49:12.860" endtime="20231209 18:49:14.878"/>
</kw>
<kw name="Input Password" library="AppiumLibrary">
<arg>${PASSWORD_FIELD}</arg>
<arg>${USER_PASSWORD}</arg>
<doc>Types the given password into text field identified by `locator`.</doc>
<msg timestamp="20231209 18:49:14.878" level="TRACE">Arguments: [ 'xpath=//android.widget.EditText[@content-desc="test-Password"]' | 'secret_sauce' ]</msg>
<msg timestamp="20231209 18:49:14.879" level="INFO">Typing password into text field 'xpath=//android.widget.EditText[@content-desc="test-Password"]'</msg>
<msg timestamp="20231209 18:49:14.879" level="DEBUG">POST http://127.0.0.1:4723/session/db5830c5-b033-4afc-88c8-022ef344cd31/elements {"using": "xpath", "value": "//android.widget.EditText[@content-desc=\"test-Password\"]"}</msg>
<msg timestamp="20231209 18:49:15.513" level="DEBUG">http://127.0.0.1:4723 "POST /session/db5830c5-b033-4afc-88c8-022ef344cd31/elements HTTP/1.1" 200 0</msg>
<msg timestamp="20231209 18:49:15.513" level="DEBUG">Remote response: status=200 | data={"value":[{"element-6066-11e4-a52e-4f735466cecf":"00000000-0000-0167-ffff-ffff0000002e","ELEMENT":"00000000-0000-0167-ffff-ffff0000002e"}]} | headers=HTTPHeaderDict({'X-Powered-By': 'Express', 'Vary': 'X-HTTP-Method-Override', 'Content-Type': 'application/json; charset=utf-8', 'Content-Length': '139', 'ETag': 'W/"8b-hrhgjM/zHT7sFGGs+Lfqx6cAFrY"', 'Date': 'Sat, 09 Dec 2023 11:49:15 GMT', 'Connection': 'keep-alive', 'Keep-Alive': 'timeout=600'})</msg>
<msg timestamp="20231209 18:49:15.513" level="DEBUG">Finished Request</msg>
<msg timestamp="20231209 18:49:15.513" level="DEBUG">POST http://127.0.0.1:4723/session/db5830c5-b033-4afc-88c8-022ef344cd31/element/00000000-0000-0167-ffff-ffff0000002e/value {"text": "secret_sauce", "value": ["s", "e", "c", "r", "e", "t", "_", "s", "a", "u", "c", "e"]}</msg>
<msg timestamp="20231209 18:49:16.047" level="DEBUG">http://127.0.0.1:4723 "POST /session/db5830c5-b033-4afc-88c8-022ef344cd31/element/00000000-0000-0167-ffff-ffff0000002e/value HTTP/1.1" 200 0</msg>
<msg timestamp="20231209 18:49:16.047" level="DEBUG">Remote response: status=200 | data={"value":null} | headers=HTTPHeaderDict({'X-Powered-By': 'Express', 'Vary': 'X-HTTP-Method-Override', 'Content-Type': 'application/json; charset=utf-8', 'Content-Length': '14', 'ETag': 'W/"e-9/1BuKMgFObM1mWJm+YjxtXJnUM"', 'Date': 'Sat, 09 Dec 2023 11:49:16 GMT', 'Connection': 'keep-alive', 'Keep-Alive': 'timeout=600'})</msg>
<msg timestamp="20231209 18:49:16.047" level="DEBUG">Finished Request</msg>
<msg timestamp="20231209 18:49:16.047" level="INFO">xpath criteria: //android.widget.EditText[@content-desc="test-Password"]</msg>
<msg timestamp="20231209 18:49:16.047" level="TRACE">Return: None</msg>
<status status="PASS" starttime="20231209 18:49:14.878" endtime="20231209 18:49:16.047"/>
</kw>
<kw name="Click Element" library="AppiumLibrary">
<arg>${LOGIN_BUTTON}</arg>
<doc>Click element identified by `locator`.</doc>
<msg timestamp="20231209 18:49:16.048" level="TRACE">Arguments: [ 'xpath=//android.view.ViewGroup[@content-desc="test-LOGIN"]' ]</msg>
<msg timestamp="20231209 18:49:16.049" level="INFO">Clicking element 'xpath=//android.view.ViewGroup[@content-desc="test-LOGIN"]'.</msg>
<msg timestamp="20231209 18:49:16.049" level="DEBUG">POST http://127.0.0.1:4723/session/db5830c5-b033-4afc-88c8-022ef344cd31/elements {"using": "xpath", "value": "//android.view.ViewGroup[@content-desc=\"test-LOGIN\"]"}</msg>
<msg timestamp="20231209 18:49:16.656" level="DEBUG">http://127.0.0.1:4723 "POST /session/db5830c5-b033-4afc-88c8-022ef344cd31/elements HTTP/1.1" 200 0</msg>
<msg timestamp="20231209 18:49:16.656" level="DEBUG">Remote response: status=200 | data={"value":[{"element-6066-11e4-a52e-4f735466cecf":"00000000-0000-0167-ffff-ffff0000002f","ELEMENT":"00000000-0000-0167-ffff-ffff0000002f"}]} | headers=HTTPHeaderDict({'X-Powered-By': 'Express', 'Vary': 'X-HTTP-Method-Override', 'Content-Type': 'application/json; charset=utf-8', 'Content-Length': '139', 'ETag': 'W/"8b-VJ+nPAy/THXujjolIt5jIPPqoS8"', 'Date': 'Sat, 09 Dec 2023 11:49:16 GMT', 'Connection': 'keep-alive', 'Keep-Alive': 'timeout=600'})</msg>
<msg timestamp="20231209 18:49:16.656" level="DEBUG">Finished Request</msg>
<msg timestamp="20231209 18:49:16.656" level="DEBUG">POST http://127.0.0.1:4723/session/db5830c5-b033-4afc-88c8-022ef344cd31/element/00000000-0000-0167-ffff-ffff0000002f/click {}</msg>
<msg timestamp="20231209 18:49:16.723" level="DEBUG">http://127.0.0.1:4723 "POST /session/db5830c5-b033-4afc-88c8-022ef344cd31/element/00000000-0000-0167-ffff-ffff0000002f/click HTTP/1.1" 200 0</msg>
<msg timestamp="20231209 18:49:16.723" level="DEBUG">Remote response: status=200 | data={"value":null} | headers=HTTPHeaderDict({'X-Powered-By': 'Express', 'Vary': 'X-HTTP-Method-Override', 'Content-Type': 'application/json; charset=utf-8', 'Content-Length': '14', 'ETag': 'W/"e-9/1BuKMgFObM1mWJm+YjxtXJnUM"', 'Date': 'Sat, 09 Dec 2023 11:49:16 GMT', 'Connection': 'keep-alive', 'Keep-Alive': 'timeout=600'})</msg>
<msg timestamp="20231209 18:49:16.723" level="DEBUG">Finished Request</msg>
<msg timestamp="20231209 18:49:16.723" level="INFO">xpath criteria: //android.view.ViewGroup[@content-desc="test-LOGIN"]</msg>
<msg timestamp="20231209 18:49:16.724" level="TRACE">Return: None</msg>
<status status="PASS" starttime="20231209 18:49:16.047" endtime="20231209 18:49:16.724"/>
</kw>
<msg timestamp="20231209 18:49:16.724" level="TRACE">Return: None</msg>
<status status="PASS" starttime="20231209 18:49:12.860" endtime="20231209 18:49:16.724"/>
</kw>
<kw name="Then Verify Successfully Login" library="login-page">
<msg timestamp="20231209 18:49:16.724" level="TRACE">Arguments: [  ]</msg>
<kw name="Wait Until Page Contains Element" library="AppiumLibrary">
<arg>${HOME_PRODUCT}</arg>
<doc>Waits until element specified with `locator` appears on current page.</doc>
<msg timestamp="20231209 18:49:16.724" level="TRACE">Arguments: [ 'xpath=//android.widget.TextView[@text="PRODUCTS"]' ]</msg>
<msg timestamp="20231209 18:49:16.724" level="DEBUG">POST http://127.0.0.1:4723/session/db5830c5-b033-4afc-88c8-022ef344cd31/elements {"using": "xpath", "value": "//android.widget.TextView[@text=\"PRODUCTS\"]"}</msg>
<msg timestamp="20231209 18:49:16.897" level="DEBUG">http://127.0.0.1:4723 "POST /session/db5830c5-b033-4afc-88c8-022ef344cd31/elements HTTP/1.1" 200 0</msg>
<msg timestamp="20231209 18:49:16.898" level="DEBUG">Remote response: status=200 | data={"value":[]} | headers=HTTPHeaderDict({'X-Powered-By': 'Express', 'Vary': 'X-HTTP-Method-Override', 'Content-Type': 'application/json; charset=utf-8', 'Content-Length': '12', 'ETag': 'W/"c-ct3goOI+b+kRZv2R9j2fTtMXwkk"', 'Date': 'Sat, 09 Dec 2023 11:49:16 GMT', 'Connection': 'keep-alive', 'Keep-Alive': 'timeout=600'})</msg>
<msg timestamp="20231209 18:49:16.898" level="DEBUG">Finished Request</msg>
<msg timestamp="20231209 18:49:17.101" level="DEBUG">POST http://127.0.0.1:4723/session/db5830c5-b033-4afc-88c8-022ef344cd31/elements {"using": "xpath", "value": "//android.widget.TextView[@text=\"PRODUCTS\"]"}</msg>
<msg timestamp="20231209 18:49:18.092" level="DEBUG">http://127.0.0.1:4723 "POST /session/db5830c5-b033-4afc-88c8-022ef344cd31/elements HTTP/1.1" 200 0</msg>
<msg timestamp="20231209 18:49:18.093" level="DEBUG">Remote response: status=200 | data={"value":[{"element-6066-11e4-a52e-4f735466cecf":"00000000-0000-0167-ffff-ffff00000042","ELEMENT":"00000000-0000-0167-ffff-ffff00000042"}]} | headers=HTTPHeaderDict({'X-Powered-By': 'Express', 'Vary': 'X-HTTP-Method-Override', 'Content-Type': 'application/json; charset=utf-8', 'Content-Length': '139', 'ETag': 'W/"8b-wkLlEnic3cY41oecotfhc0CHLuA"', 'Date': 'Sat, 09 Dec 2023 11:49:18 GMT', 'Connection': 'keep-alive', 'Keep-Alive': 'timeout=600'})</msg>
<msg timestamp="20231209 18:49:18.093" level="DEBUG">Finished Request</msg>
<msg timestamp="20231209 18:49:18.093" level="INFO">xpath criteria: //android.widget.TextView[@text="PRODUCTS"]
xpath criteria: //android.widget.TextView[@text="PRODUCTS"]</msg>
<msg timestamp="20231209 18:49:18.093" level="TRACE">Return: None</msg>
<status status="PASS" starttime="20231209 18:49:16.724" endtime="20231209 18:49:18.093"/>
</kw>
<msg timestamp="20231209 18:49:18.093" level="TRACE">Return: None</msg>
<status status="PASS" starttime="20231209 18:49:16.724" endtime="20231209 18:49:18.093"/>
</kw>
<kw name="And Sign out" library="login-page">
<msg timestamp="20231209 18:49:18.093" level="TRACE">Arguments: [  ]</msg>
<kw name="Click Element" library="AppiumLibrary">
<arg>${DRAWER_MENU}</arg>
<doc>Click element identified by `locator`.</doc>
<msg timestamp="20231209 18:49:18.093" level="TRACE">Arguments: [ 'xpath=//android.view.ViewGroup[@content-desc="test-Menu"]/android.view.ViewGroup/android.widget.ImageView' ]</msg>
<msg timestamp="20231209 18:49:18.095" level="INFO">Clicking element 'xpath=//android.view.ViewGroup[@content-desc="test-Menu"]/android.view.ViewGroup/android.widget.ImageView'.</msg>
<msg timestamp="20231209 18:49:18.095" level="DEBUG">POST http://127.0.0.1:4723/session/db5830c5-b033-4afc-88c8-022ef344cd31/elements {"using": "xpath", "value": "//android.view.ViewGroup[@content-desc=\"test-Menu\"]/android.view.ViewGroup/android.widget.ImageView"}</msg>
<msg timestamp="20231209 18:49:18.289" level="DEBUG">http://127.0.0.1:4723 "POST /session/db5830c5-b033-4afc-88c8-022ef344cd31/elements HTTP/1.1" 200 0</msg>
<msg timestamp="20231209 18:49:18.289" level="DEBUG">Remote response: status=200 | data={"value":[{"element-6066-11e4-a52e-4f735466cecf":"00000000-0000-0167-ffff-ffff0000004f","ELEMENT":"00000000-0000-0167-ffff-ffff0000004f"}]} | headers=HTTPHeaderDict({'X-Powered-By': 'Express', 'Vary': 'X-HTTP-Method-Override', 'Content-Type': 'application/json; charset=utf-8', 'Content-Length': '139', 'ETag': 'W/"8b-dGKAivk9z5SQbI59yhYyCF2rGug"', 'Date': 'Sat, 09 Dec 2023 11:49:18 GMT', 'Connection': 'keep-alive', 'Keep-Alive': 'timeout=600'})</msg>
<msg timestamp="20231209 18:49:18.289" level="DEBUG">Finished Request</msg>
<msg timestamp="20231209 18:49:18.290" level="DEBUG">POST http://127.0.0.1:4723/session/db5830c5-b033-4afc-88c8-022ef344cd31/element/00000000-0000-0167-ffff-ffff0000004f/click {}</msg>
<msg timestamp="20231209 18:49:18.364" level="DEBUG">http://127.0.0.1:4723 "POST /session/db5830c5-b033-4afc-88c8-022ef344cd31/element/00000000-0000-0167-ffff-ffff0000004f/click HTTP/1.1" 200 0</msg>
<msg timestamp="20231209 18:49:18.364" level="DEBUG">Remote response: status=200 | data={"value":null} | headers=HTTPHeaderDict({'X-Powered-By': 'Express', 'Vary': 'X-HTTP-Method-Override', 'Content-Type': 'application/json; charset=utf-8', 'Content-Length': '14', 'ETag': 'W/"e-9/1BuKMgFObM1mWJm+YjxtXJnUM"', 'Date': 'Sat, 09 Dec 2023 11:49:18 GMT', 'Connection': 'keep-alive', 'Keep-Alive': 'timeout=600'})</msg>
<msg timestamp="20231209 18:49:18.364" level="DEBUG">Finished Request</msg>
<msg timestamp="20231209 18:49:18.364" level="INFO">xpath criteria: //android.view.ViewGroup[@content-desc="test-Menu"]/android.view.ViewGroup/android.widget.ImageView</msg>
<msg timestamp="20231209 18:49:18.364" level="TRACE">Return: None</msg>
<status status="PASS" starttime="20231209 18:49:18.093" endtime="20231209 18:49:18.365"/>
</kw>
<kw name="Click Element" library="AppiumLibrary">
<arg>${LOGOUT_BUTTON}</arg>
<doc>Click element identified by `locator`.</doc>
<msg timestamp="20231209 18:49:18.365" level="TRACE">Arguments: [ 'xpath=//android.view.ViewGroup[@content-desc="test-LOGOUT"]' ]</msg>
<msg timestamp="20231209 18:49:18.367" level="INFO">Clicking element 'xpath=//android.view.ViewGroup[@content-desc="test-LOGOUT"]'.</msg>
<msg timestamp="20231209 18:49:18.367" level="DEBUG">POST http://127.0.0.1:4723/session/db5830c5-b033-4afc-88c8-022ef344cd31/elements {"using": "xpath", "value": "//android.view.ViewGroup[@content-desc=\"test-LOGOUT\"]"}</msg>
<msg timestamp="20231209 18:49:20.116" level="DEBUG">http://127.0.0.1:4723 "POST /session/db5830c5-b033-4afc-88c8-022ef344cd31/elements HTTP/1.1" 200 0</msg>
<msg timestamp="20231209 18:49:20.116" level="DEBUG">Remote response: status=200 | data={"value":[{"element-6066-11e4-a52e-4f735466cecf":"00000000-0000-0167-ffff-ffff0000001e","ELEMENT":"00000000-0000-0167-ffff-ffff0000001e"}]} | headers=HTTPHeaderDict({'X-Powered-By': 'Express', 'Vary': 'X-HTTP-Method-Override', 'Content-Type': 'application/json; charset=utf-8', 'Content-Length': '139', 'ETag': 'W/"8b-bpk7oT96fy0EIx7GZzKi1if6SNE"', 'Date': 'Sat, 09 Dec 2023 11:49:20 GMT', 'Connection': 'keep-alive', 'Keep-Alive': 'timeout=600'})</msg>
<msg timestamp="20231209 18:49:20.116" level="DEBUG">Finished Request</msg>
<msg timestamp="20231209 18:49:20.116" level="DEBUG">POST http://127.0.0.1:4723/session/db5830c5-b033-4afc-88c8-022ef344cd31/element/00000000-0000-0167-ffff-ffff0000001e/click {}</msg>
<msg timestamp="20231209 18:49:20.195" level="DEBUG">http://127.0.0.1:4723 "POST /session/db5830c5-b033-4afc-88c8-022ef344cd31/element/00000000-0000-0167-ffff-ffff0000001e/click HTTP/1.1" 200 0</msg>
<msg timestamp="20231209 18:49:20.195" level="DEBUG">Remote response: status=200 | data={"value":null} | headers=HTTPHeaderDict({'X-Powered-By': 'Express', 'Vary': 'X-HTTP-Method-Override', 'Content-Type': 'application/json; charset=utf-8', 'Content-Length': '14', 'ETag': 'W/"e-9/1BuKMgFObM1mWJm+YjxtXJnUM"', 'Date': 'Sat, 09 Dec 2023 11:49:20 GMT', 'Connection': 'keep-alive', 'Keep-Alive': 'timeout=600'})</msg>
<msg timestamp="20231209 18:49:20.195" level="DEBUG">Finished Request</msg>
<msg timestamp="20231209 18:49:20.195" level="INFO">xpath criteria: //android.view.ViewGroup[@content-desc="test-LOGOUT"]</msg>
<msg timestamp="20231209 18:49:20.195" level="TRACE">Return: None</msg>
<status status="PASS" starttime="20231209 18:49:18.365" endtime="20231209 18:49:20.195"/>
</kw>
<msg timestamp="20231209 18:49:20.195" level="TRACE">Return: None</msg>
<status status="PASS" starttime="20231209 18:49:18.093" endtime="20231209 18:49:20.195"/>
</kw>
<kw name="Then Verify Successfully Logout" library="login-page">
<msg timestamp="20231209 18:49:20.196" level="TRACE">Arguments: [  ]</msg>
<kw name="Wait Until Page Contains Element" library="AppiumLibrary">
<arg>${LOGIN_BUTTON}</arg>
<doc>Waits until element specified with `locator` appears on current page.</doc>
<msg timestamp="20231209 18:49:20.196" level="TRACE">Arguments: [ 'xpath=//android.view.ViewGroup[@content-desc="test-LOGIN"]' ]</msg>
<msg timestamp="20231209 18:49:20.196" level="DEBUG">POST http://127.0.0.1:4723/session/db5830c5-b033-4afc-88c8-022ef344cd31/elements {"using": "xpath", "value": "//android.view.ViewGroup[@content-desc=\"test-LOGIN\"]"}</msg>
<msg timestamp="20231209 18:49:20.499" level="DEBUG">http://127.0.0.1:4723 "POST /session/db5830c5-b033-4afc-88c8-022ef344cd31/elements HTTP/1.1" 200 0</msg>
<msg timestamp="20231209 18:49:20.499" level="DEBUG">Remote response: status=200 | data={"value":[{"element-6066-11e4-a52e-4f735466cecf":"00000000-0000-0167-ffff-ffff0000002f","ELEMENT":"00000000-0000-0167-ffff-ffff0000002f"}]} | headers=HTTPHeaderDict({'X-Powered-By': 'Express', 'Vary': 'X-HTTP-Method-Override', 'Content-Type': 'application/json; charset=utf-8', 'Content-Length': '139', 'ETag': 'W/"8b-VJ+nPAy/THXujjolIt5jIPPqoS8"', 'Date': 'Sat, 09 Dec 2023 11:49:20 GMT', 'Connection': 'keep-alive', 'Keep-Alive': 'timeout=600'})</msg>
<msg timestamp="20231209 18:49:20.499" level="DEBUG">Finished Request</msg>
<msg timestamp="20231209 18:49:20.499" level="INFO">xpath criteria: //android.view.ViewGroup[@content-desc="test-LOGIN"]</msg>
<msg timestamp="20231209 18:49:20.499" level="TRACE">Return: None</msg>
<status status="PASS" starttime="20231209 18:49:20.196" endtime="20231209 18:49:20.499"/>
</kw>
<msg timestamp="20231209 18:49:20.499" level="TRACE">Return: None</msg>
<status status="PASS" starttime="20231209 18:49:20.196" endtime="20231209 18:49:20.499"/>
</kw>
<status status="PASS" starttime="20231209 18:48:58.734" endtime="20231209 18:49:20.499"/>
</test>
<status status="PASS" starttime="20231209 18:48:58.415" endtime="20231209 18:49:20.500"/>
</suite>
<statistics>
<total>
<stat pass="1" fail="0" skip="0">All Tests</stat>
</total>
<tag>
</tag>
<suite>
<stat pass="1" fail="0" skip="0" id="s1" name="Login-Test">Login-Test</stat>
</suite>
</statistics>
<errors>
</errors>
</robot>
